<?xml version="1.0" encoding="UTF-8"?>
<!-- Generated by org.testng.reporters.JUnitReportReporter -->
<testsuite skipped="0" hostname="DESKTOP-RIUS5ET" name="apidemo.ApiGet" tests="1" failures="0" timestamp="24 Jan 2021 00:58:52 GMT" time="0.862" errors="0">
  <testcase name="getWeatherDetails2" time="0.862" classname="apidemo.ApiGet"/>
</testsuite> <!-- apidemo.ApiGet -->
