<?xml version="1.0" encoding="UTF-8"?>
<!-- Generated by org.testng.reporters.JUnitReportReporter -->
<testsuite skipped="0" hostname="DESKTOP-RIUS5ET" name="apidemo.ApiGet1" tests="5" failures="0" timestamp="07 Mar 2021 06:28:10 GMT" time="1.945" errors="0">
  <testcase name="getWeatherDetails5" time="0.020" classname="apidemo.ApiGet1"/>
  <testcase name="getWeatherDetails3" time="0.020" classname="apidemo.ApiGet1"/>
  <testcase name="getWeatherDetails1" time="1.843" classname="apidemo.ApiGet1"/>
  <testcase name="getWeatherDetails2" time="0.031" classname="apidemo.ApiGet1"/>
  <testcase name="getWeatherDetails4" time="0.031" classname="apidemo.ApiGet1"/>
</testsuite> <!-- apidemo.ApiGet1 -->
