<?xml version="1.0" encoding="UTF-8"?>
<!-- Generated by org.testng.reporters.JUnitReportReporter -->
<testsuite skipped="0" hostname="DESKTOP-RIUS5ET" name="apidemo.ApiPost" tests="1" failures="0" timestamp="11 Oct 2020 05:48:26 GMT" time="1.626" errors="0">
  <testcase name="getWeatherDetails3" time="1.626" classname="apidemo.ApiPost"/>
</testsuite> <!-- apidemo.ApiPost -->
